2024-03-04T06:17:39+00:00 DEBUG Tt4b_Pixel_Class::inject_initiate_checkout_event: hit InitiateCheckout
2024-03-04T06:17:39+00:00 DEBUG Tt4b_Pixel_Class::inject_initiate_checkout_event: Missing option "access_token"
2024-03-04T06:21:34+00:00 DEBUG Tt4b_Pixel_Class::inject_initiate_checkout_event: hit InitiateCheckout
2024-03-04T06:21:34+00:00 DEBUG Tt4b_Pixel_Class::inject_initiate_checkout_event: Missing option "access_token"
2024-03-04T06:22:16+00:00 DEBUG Tt4b_Pixel_Class::inject_initiate_checkout_event: hit InitiateCheckout
2024-03-04T06:22:16+00:00 DEBUG Tt4b_Pixel_Class::inject_initiate_checkout_event: Missing option "access_token"
2024-03-04T06:23:46+00:00 DEBUG Tt4b_Pixel_Class::inject_initiate_checkout_event: hit InitiateCheckout
2024-03-04T06:23:46+00:00 DEBUG Tt4b_Pixel_Class::inject_initiate_checkout_event: Missing option "access_token"
2024-03-04T06:25:30+00:00 DEBUG Tt4b_Pixel_Class::inject_initiate_checkout_event: hit InitiateCheckout
2024-03-04T06:25:30+00:00 DEBUG Tt4b_Pixel_Class::inject_initiate_checkout_event: Missing option "access_token"
2024-03-04T06:26:28+00:00 DEBUG Tt4b_Pixel_Class::inject_initiate_checkout_event: hit InitiateCheckout
2024-03-04T06:26:28+00:00 DEBUG Tt4b_Pixel_Class::inject_initiate_checkout_event: Missing option "access_token"
2024-03-04T06:26:36+00:00 DEBUG Tt4b_Pixel_Class::inject_initiate_checkout_event: hit InitiateCheckout
2024-03-04T06:26:36+00:00 DEBUG Tt4b_Pixel_Class::inject_initiate_checkout_event: Missing option "access_token"
2024-03-04T06:27:23+00:00 DEBUG Tt4b_Pixel_Class::inject_initiate_checkout_event: hit InitiateCheckout
2024-03-04T06:27:23+00:00 DEBUG Tt4b_Pixel_Class::inject_initiate_checkout_event: Missing option "access_token"
2024-03-04T06:32:43+00:00 DEBUG Tt4b_Pixel_Class::inject_initiate_checkout_event: hit InitiateCheckout
2024-03-04T06:32:43+00:00 DEBUG Tt4b_Pixel_Class::inject_initiate_checkout_event: Missing option "access_token"
2024-03-04T06:44:49+00:00 DEBUG Tt4b_Pixel_Class::inject_initiate_checkout_event: hit InitiateCheckout
2024-03-04T06:44:49+00:00 DEBUG Tt4b_Pixel_Class::inject_initiate_checkout_event: Missing option "access_token"
2024-03-04T06:48:26+00:00 DEBUG Tt4b_Pixel_Class::inject_initiate_checkout_event: hit InitiateCheckout
2024-03-04T06:48:26+00:00 DEBUG Tt4b_Pixel_Class::inject_initiate_checkout_event: Missing option "access_token"
2024-03-04T07:22:55+00:00 DEBUG Tt4b_Pixel_Class::inject_add_to_cart_event: hit AddToCart
2024-03-04T07:22:55+00:00 DEBUG Tt4b_Pixel_Class::inject_add_to_cart_event: Missing option "access_token"
2024-03-04T07:50:54+00:00 DEBUG Tt4b_Pixel_Class::inject_initiate_checkout_event: hit InitiateCheckout
2024-03-04T07:50:54+00:00 DEBUG Tt4b_Pixel_Class::inject_initiate_checkout_event: Missing option "access_token"
2024-03-04T07:52:34+00:00 DEBUG Tt4b_Pixel_Class::inject_initiate_checkout_event: hit InitiateCheckout
2024-03-04T07:52:34+00:00 DEBUG Tt4b_Pixel_Class::inject_initiate_checkout_event: Missing option "access_token"
2024-03-04T07:52:45+00:00 DEBUG Tt4b_Pixel_Class::inject_initiate_checkout_event: hit InitiateCheckout
2024-03-04T07:52:45+00:00 DEBUG Tt4b_Pixel_Class::inject_initiate_checkout_event: Missing option "access_token"
2024-03-04T07:53:17+00:00 DEBUG Tt4b_Pixel_Class::inject_initiate_checkout_event: hit InitiateCheckout
2024-03-04T07:53:17+00:00 DEBUG Tt4b_Pixel_Class::inject_initiate_checkout_event: Missing option "access_token"
2024-03-04T07:55:02+00:00 DEBUG Tt4b_Pixel_Class::inject_initiate_checkout_event: hit InitiateCheckout
2024-03-04T07:55:02+00:00 DEBUG Tt4b_Pixel_Class::inject_initiate_checkout_event: Missing option "access_token"
2024-03-04T08:10:46+00:00 DEBUG Tt4b_Pixel_Class::inject_add_to_cart_event: hit AddToCart
2024-03-04T08:10:46+00:00 DEBUG Tt4b_Pixel_Class::inject_add_to_cart_event: Missing option "access_token"
2024-03-04T08:10:56+00:00 DEBUG Tt4b_Pixel_Class::inject_add_to_cart_event: hit AddToCart
2024-03-04T08:10:56+00:00 DEBUG Tt4b_Pixel_Class::inject_add_to_cart_event: Missing option "access_token"
2024-03-04T08:11:12+00:00 DEBUG Tt4b_Pixel_Class::inject_add_to_cart_event: hit AddToCart
2024-03-04T08:11:12+00:00 DEBUG Tt4b_Pixel_Class::inject_add_to_cart_event: Missing option "access_token"
2024-03-04T08:26:44+00:00 DEBUG Tt4b_Pixel_Class::inject_add_to_cart_event: hit AddToCart
2024-03-04T08:26:44+00:00 DEBUG Tt4b_Pixel_Class::inject_add_to_cart_event: Missing option "access_token"
2024-03-04T08:26:46+00:00 DEBUG Tt4b_Pixel_Class::inject_initiate_checkout_event: hit InitiateCheckout
2024-03-04T08:26:46+00:00 DEBUG Tt4b_Pixel_Class::inject_initiate_checkout_event: Missing option "access_token"
2024-03-04T08:26:51+00:00 DEBUG Tt4b_Pixel_Class::inject_initiate_checkout_event: hit InitiateCheckout
2024-03-04T08:26:51+00:00 DEBUG Tt4b_Pixel_Class::inject_initiate_checkout_event: Missing option "access_token"
2024-03-04T08:27:37+00:00 DEBUG Tt4b_Pixel_Class::inject_initiate_checkout_event: hit InitiateCheckout
2024-03-04T08:27:37+00:00 DEBUG Tt4b_Pixel_Class::inject_initiate_checkout_event: Missing option "access_token"
2024-03-04T08:28:18+00:00 DEBUG Tt4b_Pixel_Class::inject_initiate_checkout_event: hit InitiateCheckout
2024-03-04T08:28:18+00:00 DEBUG Tt4b_Pixel_Class::inject_initiate_checkout_event: Missing option "access_token"
2024-03-04T08:28:32+00:00 DEBUG Tt4b_Pixel_Class::inject_initiate_checkout_event: hit InitiateCheckout
2024-03-04T08:28:32+00:00 DEBUG Tt4b_Pixel_Class::inject_initiate_checkout_event: Missing option "access_token"
2024-03-04T08:28:47+00:00 DEBUG Tt4b_Pixel_Class::inject_initiate_checkout_event: hit InitiateCheckout
2024-03-04T08:28:47+00:00 DEBUG Tt4b_Pixel_Class::inject_initiate_checkout_event: Missing option "access_token"
2024-03-04T08:29:23+00:00 DEBUG Tt4b_Pixel_Class::inject_initiate_checkout_event: hit InitiateCheckout
2024-03-04T08:29:23+00:00 DEBUG Tt4b_Pixel_Class::inject_initiate_checkout_event: Missing option "access_token"
2024-03-04T08:29:27+00:00 DEBUG Tt4b_Pixel_Class::inject_initiate_checkout_event: hit InitiateCheckout
2024-03-04T08:29:27+00:00 DEBUG Tt4b_Pixel_Class::inject_initiate_checkout_event: Missing option "access_token"
2024-03-04T08:29:43+00:00 DEBUG Tt4b_Pixel_Class::inject_initiate_checkout_event: hit InitiateCheckout
2024-03-04T08:29:43+00:00 DEBUG Tt4b_Pixel_Class::inject_initiate_checkout_event: Missing option "access_token"
2024-03-04T08:30:41+00:00 DEBUG Tt4b_Pixel_Class::inject_initiate_checkout_event: hit InitiateCheckout
2024-03-04T08:30:41+00:00 DEBUG Tt4b_Pixel_Class::inject_initiate_checkout_event: Missing option "access_token"
2024-03-04T08:33:20+00:00 DEBUG Tt4b_Pixel_Class::inject_initiate_checkout_event: hit InitiateCheckout
2024-03-04T08:33:21+00:00 DEBUG Tt4b_Pixel_Class::inject_initiate_checkout_event: Missing option "access_token"
2024-03-04T08:33:22+00:00 DEBUG Tt4b_Pixel_Class::inject_initiate_checkout_event: hit InitiateCheckout
2024-03-04T08:33:22+00:00 DEBUG Tt4b_Pixel_Class::inject_initiate_checkout_event: Missing option "access_token"
2024-03-04T08:33:40+00:00 DEBUG Tt4b_Pixel_Class::inject_purchase_event: hit Purchase
2024-03-04T08:33:40+00:00 DEBUG Tt4b_Pixel_Class::inject_purchase_event: Missing option "access_token"
2024-03-04T08:40:09+00:00 DEBUG Tt4b_Pixel_Class::inject_add_to_cart_event: hit AddToCart
2024-03-04T08:40:09+00:00 DEBUG Tt4b_Pixel_Class::inject_add_to_cart_event: Missing option "access_token"
2024-03-04T08:51:53+00:00 DEBUG Tt4b_Pixel_Class::inject_initiate_checkout_event: hit InitiateCheckout
2024-03-04T08:51:53+00:00 DEBUG Tt4b_Pixel_Class::inject_initiate_checkout_event: Missing option "access_token"
2024-03-04T09:02:07+00:00 DEBUG Tt4b_Pixel_Class::inject_initiate_checkout_event: hit InitiateCheckout
2024-03-04T09:02:07+00:00 DEBUG Tt4b_Pixel_Class::inject_initiate_checkout_event: Missing option "access_token"
2024-03-04T09:54:14+00:00 DEBUG Tt4b_Pixel_Class::inject_initiate_checkout_event: hit InitiateCheckout
2024-03-04T09:54:14+00:00 DEBUG Tt4b_Pixel_Class::inject_initiate_checkout_event: Missing option "access_token"
2024-03-04T09:55:19+00:00 DEBUG Tt4b_Pixel_Class::inject_initiate_checkout_event: hit InitiateCheckout
2024-03-04T09:55:19+00:00 DEBUG Tt4b_Pixel_Class::inject_initiate_checkout_event: Missing option "access_token"
2024-03-04T09:56:20+00:00 DEBUG Tt4b_Pixel_Class::inject_initiate_checkout_event: hit InitiateCheckout
2024-03-04T09:56:20+00:00 DEBUG Tt4b_Pixel_Class::inject_initiate_checkout_event: Missing option "access_token"
2024-03-04T10:10:40+00:00 DEBUG Tt4b_Pixel_Class::inject_initiate_checkout_event: hit InitiateCheckout
2024-03-04T10:10:40+00:00 DEBUG Tt4b_Pixel_Class::inject_initiate_checkout_event: Missing option "access_token"
2024-03-04T10:15:56+00:00 DEBUG Tt4b_Pixel_Class::inject_initiate_checkout_event: hit InitiateCheckout
2024-03-04T10:15:56+00:00 DEBUG Tt4b_Pixel_Class::inject_initiate_checkout_event: Missing option "access_token"
2024-03-04T10:30:40+00:00 DEBUG Tt4b_Pixel_Class::inject_initiate_checkout_event: hit InitiateCheckout
2024-03-04T10:30:40+00:00 DEBUG Tt4b_Pixel_Class::inject_initiate_checkout_event: Missing option "access_token"
2024-03-04T10:31:14+00:00 DEBUG Tt4b_Pixel_Class::inject_initiate_checkout_event: hit InitiateCheckout
2024-03-04T10:31:14+00:00 DEBUG Tt4b_Pixel_Class::inject_initiate_checkout_event: Missing option "access_token"
2024-03-04T11:24:00+00:00 DEBUG Tt4b_Pixel_Class::inject_initiate_checkout_event: hit InitiateCheckout
2024-03-04T11:24:00+00:00 DEBUG Tt4b_Pixel_Class::inject_initiate_checkout_event: Missing option "access_token"
